[09jan2022 18:55:07.976] [main/INFO] [cpw.mods.modlauncher.Launcher/MODLAUNCHER]: ModLauncher running: args [--gameDir, ., --launchTarget, fmlserver, --fml.forgeVersion, 36.2.20, --fml.mcpVersion, 20210115.111550, --fml.mcVersion, 1.16.5, --fml.forgeGroup, net.minecraftforge, nogui]
[09jan2022 18:55:07.979] [main/INFO] [cpw.mods.modlauncher.Launcher/MODLAUNCHER]: ModLauncher 8.0.9+86+master.3cf110c starting: java version 1.8.0_312 by Amazon.com Inc.
[09jan2022 18:55:08.485] [main/INFO] [net.minecraftforge.fml.loading.FixSSL/CORE]: Added Lets Encrypt root certificates as additional trust
[09jan2022 18:55:08.518] [main/INFO] [mixin/]: SpongePowered MIXIN Subsystem Version=0.8.4 Source=file:/C:/Users/Rayen/Documents/GitHub/Enigmatica6/libraries/org/spongepowered/mixin/0.8.4/mixin-0.8.4.jar Service=ModLauncher Env=SERVER
[09jan2022 18:55:10.564] [main/INFO] [STDERR/]: [org.antlr.v4.runtime.ConsoleErrorListener:syntaxError:38]: line 13:0 token recognition error at: '`'
[09jan2022 18:55:10.659] [main/INFO] [STDERR/]: [org.antlr.v4.runtime.ConsoleErrorListener:syntaxError:38]: line 1:0 token recognition error at: '~'
[09jan2022 18:55:11.816] [main/INFO] [mixin/]: Successfully loaded Mixin Connector [vazkii.botania.common.MixinConnector]
[09jan2022 18:55:11.819] [main/INFO] [mixin/]: Successfully loaded Mixin Connector [com.leobeliik.extremesoundmuffler.MixinConnector]
[09jan2022 18:55:11.822] [main/INFO] [mixin/]: Successfully loaded Mixin Connector [vazkii.patchouli.common.MixinConnector]
[09jan2022 18:55:11.824] [main/INFO] [mixin/]: Successfully loaded Mixin Connector [eutros.framedcompactdrawers.MixinConnector]
[09jan2022 18:55:11.826] [main/INFO] [mixin/]: Successfully loaded Mixin Connector [dev.quarris.enigmaticgraves.MixinConnector]
[09jan2022 18:55:11.833] [main/INFO] [cpw.mods.modlauncher.LaunchServiceHandler/MODLAUNCHER]: Launching target 'fmlserver' with arguments [--gameDir, ., nogui]
[09jan2022 18:55:11.842] [main/WARN] [mixin/]: Reference map 'immersivecooking.refmap.json' for immersivecooking.mixins.json could not be read. If this is a development environment you can ignore this message
[09jan2022 18:55:11.949] [main/WARN] [mixin/]: Reference map 'naturesstarlight.refmap.json' for naturesstarlight.mixins.json could not be read. If this is a development environment you can ignore this message
[09jan2022 18:55:11.976] [main/WARN] [mixin/]: Reference map 'modid.refmap.json' for rsinfinitybooster.mixins.json could not be read. If this is a development environment you can ignore this message
[09jan2022 18:55:12.011] [main/WARN] [mixin/]: Reference map 'rhino-forge-refmap.json' for rhino.mixins.json could not be read. If this is a development environment you can ignore this message
[09jan2022 18:55:12.028] [main/WARN] [mixin/]: Reference map 'nethers_delight.refmap.json' for nethers_delight.mixins.json could not be read. If this is a development environment you can ignore this message
[09jan2022 18:55:12.046] [main/INFO] [RoadRunner Early Loading/]: Loaded rule configuration file for RoadRunner: 81 options available, 0 override(s) found
[09jan2022 18:55:12.220] [main/INFO] [net.minecraftforge.coremod.CoreMod.astralsorcery/COREMODLOG]: Adding 'add_custom_entity_collision' ASM patch...
[09jan2022 18:55:12.249] [main/INFO] [net.minecraftforge.coremod.CoreMod.astralsorcery/COREMODLOG]: Added 'add_custom_entity_collision' ASM patch!
[09jan2022 18:55:12.258] [main/INFO] [net.minecraftforge.coremod.CoreMod.entity_culling/COREMODLOG]: Transforming class: net.minecraft.entity.Entity
[09jan2022 18:55:12.485] [main/INFO] [net.minecraftforge.coremod.CoreMod.astralsorcery/COREMODLOG]: Adding 'reach_set_server_entity_interact' ASM patch...
[09jan2022 18:55:12.494] [main/INFO] [net.minecraftforge.coremod.CoreMod.astralsorcery/COREMODLOG]: Added 'reach_set_server_entity_interact' ASM patch!
[09jan2022 18:55:12.498] [main/INFO] [net.minecraftforge.coremod.CoreMod.astralsorcery/COREMODLOG]: Adding 'allow_entity_interaction' ASM patch...
[09jan2022 18:55:12.508] [main/INFO] [net.minecraftforge.coremod.CoreMod.astralsorcery/COREMODLOG]: Added 'allow_entity_interaction' ASM patch!
[09jan2022 18:55:12.576] [main/INFO] [net.minecraftforge.coremod.CoreMod.observerlib/COREMODLOG]: Adding 'on_block_change' ASM patch...
[09jan2022 18:55:12.582] [main/INFO] [net.minecraftforge.coremod.CoreMod.observerlib/COREMODLOG]: Added 'on_block_change' ASM patch!
[09jan2022 18:55:12.585] [main/INFO] [net.minecraftforge.coremod.CoreMod.astralsorcery/COREMODLOG]: Adding 'sun_brightness_server' ASM patch...
[09jan2022 18:55:12.587] [main/INFO] [net.minecraftforge.coremod.CoreMod.astralsorcery/COREMODLOG]: Added 'sun_brightness_server' ASM patch!
[09jan2022 18:55:12.646] [main/INFO] [net.minecraftforge.coremod.CoreMod.apotheosis/COREMODLOG]: Patching CrossbowItem#onItemRightClick
[09jan2022 18:55:12.654] [main/INFO] [net.minecraftforge.coremod.CoreMod.apotheosis/COREMODLOG]: Patching CrossbowItem#fireProjectile
[09jan2022 18:55:12.680] [main/INFO] [net.minecraftforge.coremod.CoreMod.apotheosis/COREMODLOG]: Patching Item#getItemEnchantability
[09jan2022 18:55:12.740] [main/INFO] [net.minecraftforge.coremod.CoreMod.astralsorcery/COREMODLOG]: Adding 'set_player_field' ASM patch...
[09jan2022 18:55:12.743] [main/INFO] [net.minecraftforge.coremod.CoreMod.astralsorcery/COREMODLOG]: Added 'set_player_field' ASM patch!
[09jan2022 18:55:12.747] [main/INFO] [net.minecraftforge.coremod.CoreMod.placebo/COREMODLOG]: Patching LivingEntity#attackEntityFrom
[09jan2022 18:55:12.762] [main/INFO] [net.minecraftforge.coremod.CoreMod.apotheosis/COREMODLOG]: Patching LivingEntity#blockUsingShield
[09jan2022 18:55:12.766] [main/INFO] [net.minecraftforge.coremod.CoreMod.apotheosis/COREMODLOG]: Patching LivingEntity#applyPotionDamageCalculations
[09jan2022 18:55:12.771] [main/INFO] [net.minecraftforge.coremod.CoreMod.astralsorcery/COREMODLOG]: Adding 'water_movement_slowdown_prevention' ASM patch...
[09jan2022 18:55:12.773] [main/INFO] [net.minecraftforge.coremod.CoreMod.astralsorcery/COREMODLOG]: Added 'water_movement_slowdown_prevention' ASM patch!
[09jan2022 18:55:12.917] [main/INFO] [net.minecraftforge.coremod.CoreMod.apotheosis/COREMODLOG]: Patching RepairContainer#updateRepairOutput
[09jan2022 18:55:12.926] [main/INFO] [net.minecraftforge.coremod.CoreMod.apotheosis/COREMODLOG]: Successfully removed the anvil level cap.
[09jan2022 18:55:12.930] [main/INFO] [net.minecraftforge.coremod.CoreMod.apotheosis/COREMODLOG]: Patching RepairContainer#updateRepairOutput
[09jan2022 18:55:12.937] [main/INFO] [net.minecraftforge.coremod.CoreMod.apotheosis/COREMODLOG]: Successfully allowed nbt-unbreakable items in the anvil.
[09jan2022 18:55:12.941] [main/INFO] [net.minecraftforge.coremod.CoreMod.apotheosis/COREMODLOG]: Patching net/minecraft/inventory/container/RepairContainer
[09jan2022 18:55:13.107] [main/INFO] [net.minecraftforge.coremod.CoreMod.apotheosis/COREMODLOG]: Patching net/minecraft/loot/functions/EnchantRandomly
[09jan2022 18:55:13.136] [main/FATAL] [net.minecraftforge.fml.loading.RuntimeDistCleaner/DISTXFORM]: Attempted to load class net/minecraft/client/renderer/entity/PlayerRenderer for invalid dist DEDICATED_SERVER
[09jan2022 18:55:13.137] [main/WARN] [mixin/]: Error loading class: net/minecraft/client/renderer/entity/PlayerRenderer (java.lang.RuntimeException: Attempted to load class net/minecraft/client/renderer/entity/PlayerRenderer for invalid dist DEDICATED_SERVER)
[09jan2022 18:55:13.137] [main/WARN] [mixin/]: @Mixin target net.minecraft.client.renderer.entity.PlayerRenderer was not found seals.mixins.json:MixinPlayerRenderer
[09jan2022 18:55:13.426] [main/FATAL] [net.minecraftforge.fml.loading.RuntimeDistCleaner/DISTXFORM]: Attempted to load class net/minecraft/client/gui/screen/CreateWorldScreen for invalid dist DEDICATED_SERVER
[09jan2022 18:55:13.427] [main/WARN] [mixin/]: Error loading class: net/minecraft/client/gui/screen/CreateWorldScreen (java.lang.RuntimeException: Attempted to load class net/minecraft/client/gui/screen/CreateWorldScreen for invalid dist DEDICATED_SERVER)
[09jan2022 18:55:13.428] [main/WARN] [mixin/]: @Mixin target net.minecraft.client.gui.screen.CreateWorldScreen was not found mixins.defaultoptions.json:CreateWorldScreenAccessor
[09jan2022 18:55:13.430] [main/FATAL] [net.minecraftforge.fml.loading.RuntimeDistCleaner/DISTXFORM]: Attempted to load class net/minecraft/client/GameSettings for invalid dist DEDICATED_SERVER
[09jan2022 18:55:13.430] [main/WARN] [mixin/]: Error loading class: net/minecraft/client/GameSettings (java.lang.RuntimeException: Attempted to load class net/minecraft/client/GameSettings for invalid dist DEDICATED_SERVER)
[09jan2022 18:55:13.431] [main/WARN] [mixin/]: @Mixin target net.minecraft.client.GameSettings was not found mixins.defaultoptions.json:GameSettingsMixin
[09jan2022 18:55:13.441] [main/INFO] [net.minecraftforge.coremod.CoreMod.placebo/COREMODLOG]: Patching ItemStack#onItemUse
[09jan2022 18:55:13.445] [main/INFO] [net.minecraftforge.coremod.CoreMod.astralsorcery/COREMODLOG]: Adding 'add_missing_tag_enchantment_tooltip' ASM patch...
[09jan2022 18:55:13.456] [main/INFO] [net.minecraftforge.coremod.CoreMod.astralsorcery/COREMODLOG]: Added 'add_missing_tag_enchantment_tooltip' ASM patch!
[09jan2022 18:55:13.459] [main/INFO] [net.minecraftforge.coremod.CoreMod.astralsorcery/COREMODLOG]: Adding 'add_enchantment_tooltip' ASM patch...
[09jan2022 18:55:13.463] [main/INFO] [net.minecraftforge.coremod.CoreMod.astralsorcery/COREMODLOG]: Added 'add_enchantment_tooltip' ASM patch!
[09jan2022 18:55:13.582] [main/FATAL] [net.minecraftforge.fml.loading.RuntimeDistCleaner/DISTXFORM]: Attempted to load class net/minecraft/client/gui/screen/inventory/ContainerScreen for invalid dist DEDICATED_SERVER
[09jan2022 18:55:13.582] [main/WARN] [mixin/]: Error loading class: net/minecraft/client/gui/screen/inventory/ContainerScreen (java.lang.RuntimeException: Attempted to load class net/minecraft/client/gui/screen/inventory/ContainerScreen for invalid dist DEDICATED_SERVER)
[09jan2022 18:55:13.583] [main/WARN] [mixin/]: @Mixin target net.minecraft.client.gui.screen.inventory.ContainerScreen was not found findme.mixins.json:MixinSlotRenderer
[09jan2022 18:55:13.619] [main/WARN] [mixin/]: Error loading class: net/minecraft/client/gui/screen/WorldSelectionList$Entry (java.lang.ClassNotFoundException: null)
[09jan2022 18:55:13.620] [main/WARN] [mixin/]: @Mixin target net.minecraft.client.gui.screen.WorldSelectionList$Entry was not found biomeidfixer.mixins.json:MixinWorldSelectionList
[09jan2022 18:55:13.680] [main/FATAL] [net.minecraftforge.fml.loading.RuntimeDistCleaner/DISTXFORM]: Attempted to load class net/minecraft/client/gui/screen/Screen for invalid dist DEDICATED_SERVER
[09jan2022 18:55:13.681] [main/WARN] [mixin/]: Error loading class: net/minecraft/client/gui/screen/Screen (java.lang.RuntimeException: Attempted to load class net/minecraft/client/gui/screen/Screen for invalid dist DEDICATED_SERVER)
[09jan2022 18:55:13.681] [main/WARN] [mixin/]: @Mixin target net.minecraft.client.gui.screen.Screen was not found equipmentcompare.mixins.json:ScreenMixin
[09jan2022 18:55:13.691] [main/FATAL] [net.minecraftforge.fml.loading.RuntimeDistCleaner/DISTXFORM]: Attempted to load class net/minecraft/client/renderer/tileentity/SignTileEntityRenderer for invalid dist DEDICATED_SERVER
[09jan2022 18:55:13.692] [main/WARN] [mixin/]: Error loading class: net/minecraft/client/renderer/tileentity/SignTileEntityRenderer (java.lang.RuntimeException: Attempted to load class net/minecraft/client/renderer/tileentity/SignTileEntityRenderer for invalid dist DEDICATED_SERVER)
[09jan2022 18:55:13.692] [main/WARN] [mixin/]: @Mixin target net.minecraft.client.renderer.tileentity.SignTileEntityRenderer was not found farmersdelight.mixins.json:CanvasSignMaterialMixin
[09jan2022 18:55:13.744] [main/FATAL] [net.minecraftforge.fml.loading.RuntimeDistCleaner/DISTXFORM]: Attempted to load class net/minecraft/client/entity/player/ClientPlayerEntity for invalid dist DEDICATED_SERVER
[09jan2022 18:55:13.745] [main/WARN] [mixin/]: Error loading class: net/minecraft/client/entity/player/ClientPlayerEntity (java.lang.RuntimeException: Attempted to load class net/minecraft/client/entity/player/ClientPlayerEntity for invalid dist DEDICATED_SERVER)
[09jan2022 18:55:13.745] [main/WARN] [mixin/]: @Mixin target net.minecraft.client.entity.player.ClientPlayerEntity was not found ars_nouveau.mixins.json:ClientElytraMixin
[09jan2022 18:55:13.790] [main/INFO] [net.minecraftforge.coremod.CoreMod.entity_culling/COREMODLOG]: Transforming class: net.minecraft.tileentity.TileEntity
[09jan2022 18:55:13.858] [main/INFO] [net.minecraftforge.coremod.CoreMod.apotheosis/COREMODLOG]: Patching Item#getItemEnchantability
[09jan2022 18:55:14.571] [main/INFO] [net.minecraftforge.coremod.CoreMod.placebo/COREMODLOG]: Patching DataPackRegistries#<init>
[09jan2022 18:55:14.581] [main/INFO] [net.minecraftforge.coremod.CoreMod.placebo/COREMODLOG]: Patching LootTableManager#apply
[09jan2022 18:55:14.749] [main/INFO] [net.minecraftforge.coremod.CoreMod.astralsorcery/COREMODLOG]: Adding 'add_enchantment_helper_levels' ASM patch...
[09jan2022 18:55:14.751] [main/INFO] [net.minecraftforge.coremod.CoreMod.astralsorcery/COREMODLOG]: Added 'add_enchantment_helper_levels' ASM patch!
[09jan2022 18:55:14.753] [main/INFO] [net.minecraftforge.coremod.CoreMod.astralsorcery/COREMODLOG]: Adding 'add_enchantment_helper_enchantments' ASM patch...
[09jan2022 18:55:14.755] [main/INFO] [net.minecraftforge.coremod.CoreMod.astralsorcery/COREMODLOG]: Added 'add_enchantment_helper_enchantments' ASM patch!
[09jan2022 18:55:14.757] [main/INFO] [net.minecraftforge.coremod.CoreMod.astralsorcery/COREMODLOG]: Adding 'add_enchantment_helper_apply_modifier' ASM patch...
[09jan2022 18:55:14.758] [main/INFO] [net.minecraftforge.coremod.CoreMod.astralsorcery/COREMODLOG]: Added 'add_enchantment_helper_apply_modifier' ASM patch!
[09jan2022 18:55:14.762] [main/INFO] [net.minecraftforge.coremod.CoreMod.apotheosis/COREMODLOG]: Patching EnchantmentHelper#getEnchantmentModifierDamage
[09jan2022 18:55:14.767] [main/INFO] [net.minecraftforge.coremod.CoreMod.apotheosis/COREMODLOG]: Patching EnchantmentHelper#getModifierForCreature
[09jan2022 18:55:14.771] [main/INFO] [net.minecraftforge.coremod.CoreMod.apotheosis/COREMODLOG]: Patching EnchantmentHelper#applyThornEnchantments
[09jan2022 18:55:14.775] [main/INFO] [net.minecraftforge.coremod.CoreMod.apotheosis/COREMODLOG]: Patching EnchantmentHelper#applyArthropodEnchantments
[09jan2022 18:55:14.780] [main/INFO] [net.minecraftforge.coremod.CoreMod.apotheosis/COREMODLOG]: Patching buildEnchantmentList for the Enchantability affix.
[09jan2022 18:55:14.786] [main/INFO] [net.minecraftforge.coremod.CoreMod.apotheosis/COREMODLOG]: Patching EnchantmentHelper#getEnchantmentDatas
[09jan2022 18:55:14.801] [main/INFO] [net.minecraftforge.coremod.CoreMod.apotheosis/COREMODLOG]: Patching TemptGoal#isTempting
[09jan2022 18:55:14.855] [main/WARN] [mixin/]: Error loading class: edivad/dimstorage/manager/DimStorageManager (java.lang.ClassNotFoundException: null)
[09jan2022 18:55:14.856] [main/WARN] [mixin/]: @Mixin target edivad.dimstorage.manager.DimStorageManager was not found moremountedstorages.mixins.json:dimstorage.DimStorageManagerMixin
[09jan2022 18:55:14.861] [main/WARN] [mixin/]: Error loading class: shetiphian/enderchests/common/misc/ChestHelper (java.lang.ClassNotFoundException: null)
[09jan2022 18:55:14.861] [main/WARN] [mixin/]: @Mixin target shetiphian.enderchests.common.misc.ChestHelper was not found moremountedstorages.mixins.json:enderchests.ChestHelperMixin
[09jan2022 18:55:15.424] [main/WARN] [mixin/]: @Final field field_243599_b:Ljava/util/Map; in biomeidfixer.mixins.json:MixinDynamicRegistries should be final
[09jan2022 18:55:15.424] [main/WARN] [mixin/]: @Final field field_243600_c:Lnet/minecraft/util/registry/DynamicRegistries$Impl; in biomeidfixer.mixins.json:MixinDynamicRegistries should be final
[09jan2022 18:55:16.264] [main/INFO] [net.minecraftforge.coremod.CoreMod.apotheosis/COREMODLOG]: Patching Item#getItemEnchantability
[09jan2022 18:55:17.576] [main/INFO] [net.minecraftforge.coremod.CoreMod.astralsorcery/COREMODLOG]: Adding 'add_custom_entity_collision' ASM patch...
[09jan2022 18:55:17.576] [main/INFO] [net.minecraftforge.coremod.CoreMod.astralsorcery/COREMODLOG]: Added 'add_custom_entity_collision' ASM patch!
[09jan2022 18:55:17.577] [main/INFO] [net.minecraftforge.coremod.CoreMod.entity_culling/COREMODLOG]: Transforming class: net.minecraft.entity.Entity
[09jan2022 18:55:17.801] [main/INFO] [net.minecraftforge.coremod.CoreMod.astralsorcery/COREMODLOG]: Adding 'set_player_field' ASM patch...
[09jan2022 18:55:17.801] [main/INFO] [net.minecraftforge.coremod.CoreMod.astralsorcery/COREMODLOG]: Added 'set_player_field' ASM patch!
[09jan2022 18:55:17.803] [main/INFO] [net.minecraftforge.coremod.CoreMod.placebo/COREMODLOG]: Patching LivingEntity#attackEntityFrom
[09jan2022 18:55:17.808] [main/INFO] [net.minecraftforge.coremod.CoreMod.apotheosis/COREMODLOG]: Patching LivingEntity#blockUsingShield
[09jan2022 18:55:17.809] [main/INFO] [net.minecraftforge.coremod.CoreMod.apotheosis/COREMODLOG]: Patching LivingEntity#applyPotionDamageCalculations
[09jan2022 18:55:17.809] [main/INFO] [net.minecraftforge.coremod.CoreMod.astralsorcery/COREMODLOG]: Adding 'water_movement_slowdown_prevention' ASM patch...
[09jan2022 18:55:17.809] [main/INFO] [net.minecraftforge.coremod.CoreMod.astralsorcery/COREMODLOG]: Added 'water_movement_slowdown_prevention' ASM patch!
[09jan2022 18:55:17.894] [main/INFO] [net.minecraftforge.coremod.CoreMod.apotheosis/COREMODLOG]: Patching SharedMonsterAttributes#readAttributeModifier
[09jan2022 18:55:17.937] [main/INFO] [net.minecraftforge.coremod.CoreMod.observerlib/COREMODLOG]: Adding 'on_block_change' ASM patch...
[09jan2022 18:55:17.938] [main/INFO] [net.minecraftforge.coremod.CoreMod.observerlib/COREMODLOG]: Added 'on_block_change' ASM patch!
[09jan2022 18:55:17.939] [main/INFO] [net.minecraftforge.coremod.CoreMod.astralsorcery/COREMODLOG]: Adding 'sun_brightness_server' ASM patch...
[09jan2022 18:55:17.940] [main/INFO] [net.minecraftforge.coremod.CoreMod.astralsorcery/COREMODLOG]: Added 'sun_brightness_server' ASM patch!
[09jan2022 18:55:18.033] [main/INFO] [net.minecraftforge.coremod.CoreMod.entity_culling/COREMODLOG]: Transforming class: net.minecraft.tileentity.TileEntity
[09jan2022 18:55:18.713] [main/INFO] [FerriteCore - class definer/]: Using Java 8 class definer
[09jan2022 18:55:18.758] [main/INFO] [net.minecraftforge.coremod.CoreMod.placebo/COREMODLOG]: Patching ItemStack#onItemUse
[09jan2022 18:55:18.759] [main/INFO] [net.minecraftforge.coremod.CoreMod.astralsorcery/COREMODLOG]: Adding 'add_missing_tag_enchantment_tooltip' ASM patch...
[09jan2022 18:55:18.760] [main/INFO] [net.minecraftforge.coremod.CoreMod.astralsorcery/COREMODLOG]: Added 'add_missing_tag_enchantment_tooltip' ASM patch!
[09jan2022 18:55:18.761] [main/INFO] [net.minecraftforge.coremod.CoreMod.astralsorcery/COREMODLOG]: Adding 'add_enchantment_tooltip' ASM patch...
[09jan2022 18:55:18.761] [main/INFO] [net.minecraftforge.coremod.CoreMod.astralsorcery/COREMODLOG]: Added 'add_enchantment_tooltip' ASM patch!
[09jan2022 18:55:18.874] [main/INFO] [net.minecraftforge.coremod.CoreMod.entity_culling/COREMODLOG]: Transforming class: net.minecraft.tileentity.TileEntity
